<?xml version="1.0" encoding="UTF-8"?>
<testsuite name="CreateBoardTest" tests="1" skipped="0" failures="0" errors="0" timestamp="2019-08-05T12:27:02" hostname="JDlp" time="22.513">
  <properties/>
  <testcase name="boardCreationTestFromHeader" classname="CreateBoardTest" time="22.513"/>
  <system-out><![CDATA[25 : 26
]]></system-out>
  <system-err><![CDATA[Starting ChromeDriver 76.0.3809.68 (420c9498db8ce8fcd190a954d51297672c1515d5-refs/branch-heads/3809@{#864}) on port 32605
Only local connections are allowed.
Please protect ports used by ChromeDriver and related test frameworks to prevent access by malicious code.
Aug 05, 2019 3:26:45 PM org.openqa.selenium.remote.ProtocolHandshake createSession
INFO: Detected dialect: W3C
]]></system-err>
</testsuite>
